<?xml version="1.0" encoding="UTF-8"?>
<!-- Generated by org.testng.reporters.JUnitReportReporter -->
<testsuite hostname="DESKTOP-P1M4FNT" failures="0" tests="1" name="TEST.Output" time="13.062" errors="0" timestamp="2022-08-03T22:52:05 IST" skipped="0">
  <testcase classname="TEST.Output" name="getoutput" time="13.062"/>
  <system-out/>
</testsuite> <!-- TEST.Output -->
