<?xml version="1.0" encoding="UTF-8"?>
<!-- Generated by org.testng.reporters.JUnitReportReporter -->
<testsuite hostname="DESKTOP-P1M4FNT" failures="0" tests="1" name="TEST.Output" time="14.236" errors="0" timestamp="2022-07-19T17:03:48 IST" skipped="0">
  <testcase classname="TEST.Output" name="getoutput" time="14.236"/>
  <system-out/>
</testsuite> <!-- TEST.Output -->
