<?xml version="1.0" encoding="UTF-8"?>
<!-- Generated by org.testng.reporters.JUnitReportReporter -->
<testsuite hostname="DESKTOP-P1M4FNT" failures="0" tests="1" name="TEST.Data" time="13.796" errors="0" timestamp="2022-08-03T22:52:05 IST" skipped="0">
  <testcase classname="TEST.Data" name="login" time="13.796"/>
  <system-out/>
</testsuite> <!-- TEST.Data -->
